[26-Nov-2020 01:17:59 Asia/Tokyo] デバッグ：「「「「「「「「「「「「「「「「「「「「「「「「「「「「「「
[26-Nov-2020 01:17:59 Asia/Tokyo] デバッグ：「　ログインページ　「「「「「「「「「「「「「「「「「「「「
[26-Nov-2020 01:17:59 Asia/Tokyo] デバッグ：「「「「「「「「「「「「「「「「「「「「「「「「「「「「「「
[26-Nov-2020 01:17:59 Asia/Tokyo] デバッグ：<<<<<<<<<<<<<<<<<>>>>>>>>>>>>>>>>>
[26-Nov-2020 01:17:59 Asia/Tokyo] デバッグ：<<<<<<<<<<<画面表示処理開始>>>>>>>>>>
[26-Nov-2020 01:17:59 Asia/Tokyo] デバッグ：<<<<<<<<<<<<<<<<<>>>>>>>>>>>>>>>>>
[26-Nov-2020 01:17:59 Asia/Tokyo] デバッグ：セッションID:vq456t5vt82dhutkgsg40ekv5v
[26-Nov-2020 01:17:59 Asia/Tokyo] デバッグ：セッション変数の中身：Array
(
)

[26-Nov-2020 01:17:59 Asia/Tokyo] デバッグ：現在日時タイムスタンプ：1606321079
[26-Nov-2020 01:17:59 Asia/Tokyo] デバッグ：未ログインユーザーです。
[26-Nov-2020 01:17:59 Asia/Tokyo] デバッグ：post送信があります。
[26-Nov-2020 01:17:59 Asia/Tokyo] デバッグ：バリデーションチェックOKです。
[26-Nov-2020 01:17:59 Asia/Tokyo] デバッグ：クエリ結果の中身：Array
(
    [password] => $2y$10$QlEcIg6Eb501WjkN4EJB2Oidf0B4oIH2/PO1yd3ykguJCvFl57hdq
    [id] => 2
)

[26-Nov-2020 01:17:59 Asia/Tokyo] デバッグ：パスワードが一致しました。
[26-Nov-2020 01:17:59 Asia/Tokyo] デバッグ：ログイン保持欄にチェックはありません
[26-Nov-2020 01:17:59 Asia/Tokyo] デバッグ：セッション変数の中身：Array
(
    [login_date] => 1606321079
    [login_limit] => 3600
    [user_id] => 2
)

[26-Nov-2020 01:17:59 Asia/Tokyo] デバッグ：マイページへ遷移します。
[26-Nov-2020 01:17:59 Asia/Tokyo] デバッグ：<<<<<<<<<<<<<<<<<>>>>>>>>>>>>>>>>>
[26-Nov-2020 01:17:59 Asia/Tokyo] デバッグ：<<<<<<<<<<画面表示処理終了>>>>>>>>>>
[26-Nov-2020 01:17:59 Asia/Tokyo] デバッグ：<<<<<<<<<<<<<<<<<>>>>>>>>>>>>>>>>>
[26-Nov-2020 01:17:59 Asia/Tokyo] デバッグ：「「「「「「「「「「「「「「「「「「「「「「「「「「「「「「
[26-Nov-2020 01:17:59 Asia/Tokyo] デバッグ：「　マイページ　「「「「「「「「「「「「「「「「「「「「「「
[26-Nov-2020 01:17:59 Asia/Tokyo] デバッグ：「「「「「「「「「「「「「「「「「「「「「「「「「「「「「「
[26-Nov-2020 01:17:59 Asia/Tokyo] デバッグ：<<<<<<<<<<<<<<<<<>>>>>>>>>>>>>>>>>
[26-Nov-2020 01:17:59 Asia/Tokyo] デバッグ：<<<<<<<<<<<画面表示処理開始>>>>>>>>>>
[26-Nov-2020 01:17:59 Asia/Tokyo] デバッグ：<<<<<<<<<<<<<<<<<>>>>>>>>>>>>>>>>>
[26-Nov-2020 01:17:59 Asia/Tokyo] デバッグ：セッションID:pu4a7epd9aarttcm09qoe9eacb
[26-Nov-2020 01:17:59 Asia/Tokyo] デバッグ：セッション変数の中身：Array
(
    [login_date] => 1606321079
    [login_limit] => 3600
    [user_id] => 2
)

[26-Nov-2020 01:17:59 Asia/Tokyo] デバッグ：現在日時タイムスタンプ：1606321079
[26-Nov-2020 01:17:59 Asia/Tokyo] デバッグ：ログイン期限日時タイムスタンプ：1606324679
[26-Nov-2020 01:17:59 Asia/Tokyo] デバッグ：ログイン済ユーザーです。
[26-Nov-2020 01:17:59 Asia/Tokyo] デバッグ：ログイン有効期限内です。
[26-Nov-2020 01:17:59 Asia/Tokyo] デバッグ：お気に入り情報を取得します(getLikeData)
[26-Nov-2020 01:17:59 Asia/Tokyo] デバッグ：ユーザーID($u_id)：2
[26-Nov-2020 01:17:59 Asia/Tokyo] デバッグ：取得するデータ件数：5
[26-Nov-2020 01:17:59 Asia/Tokyo] デバッグ：$dbLikeDataのあたい：Array
(
    [0] => Array
        (
            [user_id] => 2
            [card_no] => 003
        )

)

[26-Nov-2020 01:17:59 Asia/Tokyo] デバッグ：最近コメントしたカード情報を取得します(getCommentData
[26-Nov-2020 01:17:59 Asia/Tokyo] デバッグ：ユーザーID：2
